c:\users\bourkep\onedrive\modules\graphics and audio i\labs\sfml\opengl\sfmlopengl\sfmlopengl\debug\vc120.pdb
c:\users\bourkep\onedrive\modules\graphics and audio i\labs\sfml\opengl\sfmlopengl\sfmlopengl\debug\vc120.idb
c:\users\bourkep\onedrive\modules\graphics and audio i\labs\sfml\opengl\sfmlopengl\sfmlopengl\debug\game.obj
c:\users\bourkep\onedrive\modules\graphics and audio i\labs\sfml\opengl\sfmlopengl\sfmlopengl\debug\main.obj
c:\users\socksup\skydrive\modules\graphics and audio i\labs\sfml\opengl\sfmlopengl\sfmlopengl\debug\vc120.pdb
c:\users\socksup\skydrive\modules\graphics and audio i\labs\sfml\opengl\sfmlopengl\sfmlopengl\debug\vc120.idb
c:\users\socksup\skydrive\modules\graphics and audio i\labs\sfml\opengl\sfmlopengl\sfmlopengl\debug\game.obj
c:\users\socksup\skydrive\modules\graphics and audio i\labs\sfml\opengl\sfmlopengl\sfmlopengl\debug\main.obj
c:\users\c00206724\downloads\practical_03_sfmlopengl\sfmlopengl\debug\vc140.pdb
c:\users\c00206724\downloads\practical_03_sfmlopengl\sfmlopengl\debug\vc140.idb
c:\users\c00206724\downloads\practical_03_sfmlopengl\sfmlopengl\debug\game.obj
c:\users\c00206724\downloads\practical_03_sfmlopengl\sfmlopengl\debug\main.obj
c:\android\practical_03_sfmlopengl\sfmlopengl\debug\vc140.pdb
c:\android\practical_03_sfmlopengl\sfmlopengl\debug\vc140.idb
c:\android\practical_03_sfmlopengl\sfmlopengl\debug\game.obj
c:\android\practical_03_sfmlopengl\sfmlopengl\debug\main.obj
c:\users\bourkep\onedrive\modules\graphics and audio i\labs\sfml\opengl\sfmlopengl\debug\sfmlopengl.ilk
c:\users\bourkep\onedrive\modules\graphics and audio i\labs\sfml\opengl\sfmlopengl\debug\sfmlopengl.exe
c:\users\bourkep\onedrive\modules\graphics and audio i\labs\sfml\opengl\sfmlopengl\debug\sfmlopengl.pdb
c:\users\socksup\skydrive\modules\graphics and audio i\labs\sfml\opengl\sfmlopengl\debug\sfmlopengl.ilk
c:\users\socksup\skydrive\modules\graphics and audio i\labs\sfml\opengl\sfmlopengl\debug\sfmlopengl.exe
c:\users\socksup\skydrive\modules\graphics and audio i\labs\sfml\opengl\sfmlopengl\debug\sfmlopengl.pdb
c:\android\practical_03_sfmlopengl\sfmlopengl\debug\sfmlopengl.tlog\cl.command.1.tlog
c:\android\practical_03_sfmlopengl\sfmlopengl\debug\sfmlopengl.tlog\cl.read.1.tlog
c:\android\practical_03_sfmlopengl\sfmlopengl\debug\sfmlopengl.tlog\cl.write.1.tlog
c:\android\practical_03_sfmlopengl\sfmlopengl\debug\sfmlopengl.tlog\link.command.1.tlog
c:\android\practical_03_sfmlopengl\sfmlopengl\debug\sfmlopengl.tlog\link.read.1.tlog
c:\android\practical_03_sfmlopengl\sfmlopengl\debug\sfmlopengl.tlog\link.write.1.tlog
